<?xml version="1.0" encoding="UTF-8"?>
<!-- Generated by org.testng.reporters.JUnitXMLReporter -->
<testsuite hostname="DESKTOP-39G43KO" failures="0" tests="2" name="Surefire test" time="0.267" errors="0" timestamp="23 Sep 2021 16:48:16 GMT">
  <testcase classname="MySessions.MySession.UnitTest" name="@BeforeTest setupBrowser" time="0.0">
    <failure type="java.lang.IllegalStateException" message="The driver executable does not exist: C:\Windows\webdriver\msedgedriver">
      <![CDATA[java.lang.IllegalStateException: The driver executable does not exist: C:\Windows\webdriver\msedgedriver
	at com.google.common.base.Preconditions.checkState(Preconditions.java:585)
	at org.openqa.selenium.remote.service.DriverService.checkExecutable(DriverService.java:146)
	at org.openqa.selenium.remote.service.DriverService.findExecutable(DriverService.java:141)
	at org.openqa.selenium.edge.EdgeDriverService.access$000(EdgeDriverService.java:37)
	at org.openqa.selenium.edge.EdgeDriverService$Builder.findDefaultExecutable(EdgeDriverService.java:90)
	at org.openqa.selenium.remote.service.DriverService$Builder.build(DriverService.java:355)
	at org.openqa.selenium.edge.EdgeDriverService.createDefaultService(EdgeDriverService.java:70)
	at org.openqa.selenium.edge.EdgeDriver.<init>(EdgeDriver.java:96)
	at MySessions.MySession.UnitTest.setupBrowser(UnitTest.java:22)
	at org.apache.maven.surefire.testng.TestNGExecutor.run(TestNGExecutor.java:136)
	at org.apache.maven.surefire.testng.TestNGDirectoryTestSuite.executeSingleClass(TestNGDirectoryTestSuite.java:112)
	at org.apache.maven.surefire.testng.TestNGDirectoryTestSuite.execute(TestNGDirectoryTestSuite.java:99)
	at org.apache.maven.surefire.testng.TestNGProvider.invoke(TestNGProvider.java:145)
	at org.apache.maven.surefire.booter.ForkedBooter.runSuitesInProcess(ForkedBooter.java:428)
	at org.apache.maven.surefire.booter.ForkedBooter.execute(ForkedBooter.java:162)
	at org.apache.maven.surefire.booter.ForkedBooter.run(ForkedBooter.java:562)
	at org.apache.maven.surefire.booter.ForkedBooter.main(ForkedBooter.java:548)
... Removed 19 stack frames]]>
    </failure>
  </testcase> <!-- @BeforeTest setupBrowser -->
  <testcase classname="MySessions.MySession.UnitTest" name="@AfterTest endtest" time="0.0">
    <skipped/>
  </testcase> <!-- @AfterTest endtest -->
  <testcase classname="MySessions.MySession.UnitTest" name="newlist" time="0.001">
    <skipped/>
  </testcase> <!-- newlist -->
  <testcase classname="MySessions.MySession.UnitTest" name="exstlist" time="0.001">
    <skipped/>
  </testcase> <!-- exstlist -->
</testsuite> <!-- Surefire test -->
